Wed Dec 23 19:23:10 2015 UTC - Module file name: C:\Program Files (x86)\Steam\gameoverlayrenderer64.dll
Wed Dec 23 19:23:10 2015 UTC - GameID = 214850
Wed Dec 23 19:23:10 2015 UTC - Unknown opcodes for AMD64 at 3 bytes for func 0X00007FFA8574C610: 40 55 53 48 8B EC 48 83 EC 58 41 8B D8 48 85 C9
Wed Dec 23 19:23:10 2015 UTC - Failed hooking kernelbase LoadLibraryExW calls
Wed Dec 23 19:23:10 2015 UTC - System page size: 4096
Wed Dec 23 19:23:10 2015 UTC - Failed loading shell32.dll, not hooking ShellExecute calls
Wed Dec 23 19:23:10 2015 UTC - Hooking SetCursorPos, GetCursorPos, ShowCursor, and SetCursor
Wed Dec 23 19:23:10 2015 UTC - Modules at GameOverlayRenderer.dll attach
Wed Dec 23 19:23:10 2015 UTC - 01: GMAssetCompiler.exe - (0X0000000000A10000 to 0X0000000000BE2000)
Wed Dec 23 19:23:10 2015 UTC - 02: ntdll.dll - (0X00007FFA887D0000 to 0X00007FFA88991000)
Wed Dec 23 19:23:10 2015 UTC - 03: MSCOREE.DLL - (0X00007FFA79BB0000 to 0X00007FFA79C18000)
Wed Dec 23 19:23:10 2015 UTC - 04: KERNEL32.dll - (0X00007FFA87E50000 to 0X00007FFA87EFD000)
Wed Dec 23 19:23:10 2015 UTC - 05: KERNELBASE.dll - (0X00007FFA85730000 to 0X00007FFA85918000)
Wed Dec 23 19:23:10 2015 UTC - 06: gameoverlayrenderer64.dll - (0X00007FFA42FC0000 to 0X00007FFA4315C000)
Wed Dec 23 19:23:10 2015 UTC - 07: IMM32.dll - (0X00007FFA88000000 to 0X00007FFA8803B000)
Wed Dec 23 19:23:10 2015 UTC - 08: USER32.dll - (0X00007FFA87CF0000 to 0X00007FFA87E46000)
Wed Dec 23 19:23:10 2015 UTC - 09: GDI32.dll - (0X00007FFA88420000 to 0X00007FFA885A6000)
Wed Dec 23 19:23:10 2015 UTC - 10: WINMM.dll - (0X00007FFA833E0000 to 0X00007FFA83403000)
Wed Dec 23 19:23:10 2015 UTC - 11: ADVAPI32.dll - (0X00007FFA861B0000 to 0X00007FFA86257000)
Wed Dec 23 19:23:10 2015 UTC - 12: msvcrt.dll - (0X00007FFA87F00000 to 0X00007FFA87F9D000)
Wed Dec 23 19:23:10 2015 UTC - 13: sechost.dll - (0X00007FFA88760000 to 0X00007FFA887BB000)
Wed Dec 23 19:23:10 2015 UTC - 14: RPCRT4.dll - (0X00007FFA88040000 to 0X00007FFA8815C000)
Wed Dec 23 19:23:10 2015 UTC - 15: WINMMBASE.dll - (0X0000000000E00000 to 0X0000000000E2C000)
Wed Dec 23 19:23:10 2015 UTC - 16: ole32.dll - (0X00007FFA88170000 to 0X00007FFA882B3000)
Wed Dec 23 19:23:10 2015 UTC - 17: combase.dll - (0X00007FFA86500000 to 0X00007FFA8677D000)
Wed Dec 23 19:23:10 2015 UTC - 18: cfgmgr32.dll - (0X00007FFA84FA0000 to 0X00007FFA84FE3000)
Wed Dec 23 19:23:10 2015 UTC - 19: bcryptPrimitives.dll - (0X00007FFA84F30000 to 0X00007FFA84F9A000)
Wed Dec 23 19:23:10 2015 UTC - 20: psapi.dll - (0X00007FFA88160000 to 0X00007FFA88168000)
Wed Dec 23 19:23:10 2015 UTC - ----------------------------
Wed Dec 23 19:23:27 2015 UTC - GameOverlayRenderer.dll detaching
Wed Dec 23 19:23:27 2015 UTC - Aborting UnhookFunc because pRealFunctionAddr is not hooked
