Sun Sep 27 23:04:29 2015 UTC - Module file name: C:\Program Files (x86)\Steam\gameoverlayrenderer64.dll
Sun Sep 27 23:04:29 2015 UTC - GameID = 214850
Sun Sep 27 23:04:29 2015 UTC - System page size: 4096
Sun Sep 27 23:04:29 2015 UTC - Failed loading shell32.dll, not hooking ShellExecute calls
Sun Sep 27 23:04:29 2015 UTC - Hooking SetCursorPos, GetCursorPos, ShowCursor, and SetCursor
Sun Sep 27 23:04:29 2015 UTC - Unknown opcodes for AMD64 at 3 bytes for func 0X00007FF80B016E30: 48 63 D2 41 B8 87 00 00 00 48 63 C9 E9 AF 90 00
Sun Sep 27 23:04:29 2015 UTC - Failed hooking SetCursorPos()
Sun Sep 27 23:04:29 2015 UTC - System page size: 4096
Sun Sep 27 23:04:29 2015 UTC - Modules at GameOverlayRenderer.dll attach
Sun Sep 27 23:04:29 2015 UTC - 01: GMAssetCompiler.exe - (0X0000000000250000 to 0X0000000000422000)
Sun Sep 27 23:04:29 2015 UTC - 02: ntdll.dll - (0X00007FF80BB80000 to 0X00007FF80BD41000)
Sun Sep 27 23:04:29 2015 UTC - 03: MSCOREE.DLL - (0X00007FFFF9CD0000 to 0X00007FFFF9D38000)
Sun Sep 27 23:04:29 2015 UTC - 04: KERNEL32.dll - (0X00007FF809300000 to 0X00007FF8093AD000)
Sun Sep 27 23:04:29 2015 UTC - 05: KERNELBASE.dll - (0X00007FF809070000 to 0X00007FF80924D000)
Sun Sep 27 23:04:29 2015 UTC - 06: gameoverlayrenderer64.dll - (0X00007FFFE9E60000 to 0X00007FFFEA005000)
Sun Sep 27 23:04:29 2015 UTC - 07: IMM32.dll - (0X00007FF80AC40000 to 0X00007FF80AC76000)
Sun Sep 27 23:04:29 2015 UTC - 08: USER32.dll - (0X00007FF80AFF0000 to 0X00007FF80B13E000)
Sun Sep 27 23:04:29 2015 UTC - 09: GDI32.dll - (0X00007FF80B990000 to 0X00007FF80BB16000)
Sun Sep 27 23:04:29 2015 UTC - 10: WINMM.dll - (0X00007FF806B10000 to 0X00007FF806B33000)
Sun Sep 27 23:04:29 2015 UTC - 11: MSCTF.dll - (0X00007FF80B1E0000 to 0X00007FF80B33C000)
Sun Sep 27 23:04:29 2015 UTC - 12: msvcrt.dll - (0X00007FF80B140000 to 0X00007FF80B1DD000)
Sun Sep 27 23:04:29 2015 UTC - 13: ADVAPI32.dll - (0X00007FF809250000 to 0X00007FF8092F6000)
Sun Sep 27 23:04:29 2015 UTC - 14: WINMMBASE.dll - (0X00007FF806AE0000 to 0X00007FF806B0C000)
Sun Sep 27 23:04:29 2015 UTC - 15: sechost.dll - (0X00007FF80AF90000 to 0X00007FF80AFEB000)
Sun Sep 27 23:04:29 2015 UTC - 16: RPCRT4.dll - (0X00007FF80AAF0000 to 0X00007FF80AC16000)
Sun Sep 27 23:04:29 2015 UTC - 17: cfgmgr32.dll - (0X00007FF808F60000 to 0X00007FF808FA4000)
Sun Sep 27 23:04:29 2015 UTC - 18: ole32.dll - (0X00007FF80A8E0000 to 0X00007FF80AA21000)
Sun Sep 27 23:04:29 2015 UTC - 19: combase.dll - (0X00007FF80B560000 to 0X00007FF80B7DC000)
Sun Sep 27 23:04:29 2015 UTC - 20: DEVOBJ.dll - (0X00007FF806E80000 to 0X00007FF806EA7000)
Sun Sep 27 23:04:29 2015 UTC - 21: psapi.dll - (0X00007FF80B3C0000 to 0X00007FF80B3C8000)
Sun Sep 27 23:04:29 2015 UTC - ----------------------------
Sun Sep 27 23:04:29 2015 UTC - Found GetModuleHandleEx
Sun Sep 27 23:04:32 2015 UTC - GameOverlayRenderer.dll detaching
Sun Sep 27 23:04:32 2015 UTC - Aborting UnhookFunc because pOriginalFunctionAddr is null
